[2026-05-26 12:56:39:5639] [[31merror[39m]: [31mNo values to set[39m
Error: No values to set
    at mapUpdateSet (C:\Users\aitab\Dev\le-sucre\node_modules\.pnpm\drizzle-orm@0.45.2_kysely@0_931fe08e798482c2f5cd5e8e8201faad\node_modules\src\utils.ts:128:9)
    at QueryPromise.onDuplicateKeyUpdate (C:\Users\aitab\Dev\le-sucre\node_modules\.pnpm\drizzle-orm@0.45.2_kysely@0_931fe08e798482c2f5cd5e8e8201faad\node_modules\src\mysql-core\query-builders\insert.ts:276:65)
    at link_role_permissions (C:\Users\aitab\Dev\le-sucre\src\features\authentication_and_authorization\authorization\scripts\seed-rbac.ts:87:10)
    at process.processTicksAndRejections (node:internal/process/task_queues:103:5)
    at async main (C:\Users\aitab\Dev\le-sucre\src\features\authentication_and_authorization\authorization\scripts\seed-rbac.ts:126:3)
[2026-05-26 12:58:47:5847] [[31merror[39m]: [31mNo values to set[39m
Error: No values to set
    at mapUpdateSet (C:\Users\aitab\Dev\le-sucre\node_modules\.pnpm\drizzle-orm@0.45.2_kysely@0_931fe08e798482c2f5cd5e8e8201faad\node_modules\src\utils.ts:128:9)
    at QueryPromise.onDuplicateKeyUpdate (C:\Users\aitab\Dev\le-sucre\node_modules\.pnpm\drizzle-orm@0.45.2_kysely@0_931fe08e798482c2f5cd5e8e8201faad\node_modules\src\mysql-core\query-builders\insert.ts:276:65)
    at link_role_permissions (C:\Users\aitab\Dev\le-sucre\src\features\authentication_and_authorization\authorization\scripts\seed-rbac.ts:87:10)
    at process.processTicksAndRejections (node:internal/process/task_queues:103:5)
    at async main (C:\Users\aitab\Dev\le-sucre\src\features\authentication_and_authorization\authorization\scripts\seed-rbac.ts:129:3)
[2026-05-26 13:00:44:044] [[31merror[39m]: [31mNo values to set[39m
Error: No values to set
    at mapUpdateSet (C:\Users\aitab\Dev\le-sucre\node_modules\.pnpm\drizzle-orm@0.45.2_kysely@0_931fe08e798482c2f5cd5e8e8201faad\node_modules\src\utils.ts:128:9)
    at QueryPromise.onDuplicateKeyUpdate (C:\Users\aitab\Dev\le-sucre\node_modules\.pnpm\drizzle-orm@0.45.2_kysely@0_931fe08e798482c2f5cd5e8e8201faad\node_modules\src\mysql-core\query-builders\insert.ts:276:65)
    at link_role_permissions (C:\Users\aitab\Dev\le-sucre\src\features\authentication_and_authorization\authorization\scripts\seed-rbac.ts:87:10)
    at process.processTicksAndRejections (node:internal/process/task_queues:103:5)
    at async main (C:\Users\aitab\Dev\le-sucre\src\features\authentication_and_authorization\authorization\scripts\seed-rbac.ts:127:3)
[2026-05-26 13:23:33:2333] [[31merror[39m]: [31mNo values to set[39m
Error: No values to set
    at mapUpdateSet (C:\Users\aitab\Dev\le-sucre\node_modules\.pnpm\drizzle-orm@0.45.2_kysely@0_931fe08e798482c2f5cd5e8e8201faad\node_modules\src\utils.ts:128:9)
    at QueryPromise.onDuplicateKeyUpdate (C:\Users\aitab\Dev\le-sucre\node_modules\.pnpm\drizzle-orm@0.45.2_kysely@0_931fe08e798482c2f5cd5e8e8201faad\node_modules\src\mysql-core\query-builders\insert.ts:276:65)
    at link_role_permissions (C:\Users\aitab\Dev\le-sucre\src\features\authentication_and_authorization\authorization\scripts\seed-rbac.ts:87:10)
    at process.processTicksAndRejections (node:internal/process/task_queues:103:5)
    at async main (C:\Users\aitab\Dev\le-sucre\src\features\authentication_and_authorization\authorization\scripts\seed-rbac.ts:128:3)
[2026-05-26 13:28:28:2828] [[31merror[39m]: [31mFailed to create user[39m
APIError: Failed to create user
[2026-05-26 13:33:46:3346] [[31merror[39m]: [31mFailed to create user[39m
APIError: Failed to create user
[2026-05-26 13:34:21:3421] [[31merror[39m]: [31mFailed to create user[39m
APIError: Failed to create user
[2026-05-26 13:34:47:3447] [[31merror[39m]: [31mFailed to create user[39m
APIError: Failed to create user
[2026-05-26 13:39:52:3952] [[31merror[39m]: [31mFailed query: select `id`, `name`, `description`, `created_at`, `updated_at` from `roles` where `roles`.`name` = ? limit ?[39m
[31mparams: admin,1[39m
Error: Failed query: select `id`, `name`, `description`, `created_at`, `updated_at` from `roles` where `roles`.`name` = ? limit ?
params: admin,1
    at MySql2PreparedQuery.queryWithCache (C:\Users\aitab\Dev\le-sucre\node_modules\.pnpm\drizzle-orm@0.45.2_kysely@0_931fe08e798482c2f5cd5e8e8201faad\node_modules\src\mysql-core\session.ts:79:11)
    at process.processTicksAndRejections (node:internal/process/task_queues:103:5)
    at async MySql2PreparedQuery.execute (C:\Users\aitab\Dev\le-sucre\node_modules\.pnpm\drizzle-orm@0.45.2_kysely@0_931fe08e798482c2f5cd5e8e8201faad\node_modules\src\mysql2\session.ts:132:18)
    at async upsert_roles (C:\Users\aitab\Dev\le-sucre\src\features\authentication_and_authorization\authorization\scripts\seed-rbac.ts:67:22)
    at async main (C:\Users\aitab\Dev\le-sucre\src\features\authentication_and_authorization\authorization\scripts\seed-rbac.ts:138:3)
[2026-05-26 13:42:51:4251] [[31merror[39m]: [31mThe field "accountId" does not exist in the "account" Drizzle schema. Please update your drizzle schema or re-generate using "npx auth@latest generate".[39m
